0 info it worked if it ends with ok
1 verbose cli [ 'node', '/usr/local/bin/npm', 'install', 'node@0.10.30' ]
2 info using npm@2.1.9
3 info using node@v0.10.30
4 silly cache add args [ 'node@0.10.30', null ]
5 verbose cache add spec node@0.10.30
6 silly cache add parsed spec { raw: 'node@0.10.30',
6 silly cache add   scope: null,
6 silly cache add   name: 'node',
6 silly cache add   rawSpec: '0.10.30',
6 silly cache add   spec: '0.10.30',
6 silly cache add   type: 'version' }
7 verbose addNamed node@0.10.30
8 silly addNamed semver.valid 0.10.30
9 silly addNamed semver.validRange 0.10.30
10 silly mapToRegistry name node
11 silly mapToRegistry using default registry
12 silly mapToRegistry registry https://registry.npmjs.org/
13 silly mapToRegistry uri https://registry.npmjs.org/node
14 verbose addNameVersion registry:https://registry.npmjs.org/node not in flight; fetching
15 verbose request uri https://registry.npmjs.org/node
16 verbose request no auth needed
17 info attempt registry request try #1 at 12:45:04
18 verbose request id e8ade3d7c9b4dc7d
19 verbose etag "4A754Q2V2HQ65BJAR8DUU8BED"
20 http request GET https://registry.npmjs.org/node
21 http 304 https://registry.npmjs.org/node
22 silly get cb [ 304,
22 silly get   { date: 'Wed, 23 Sep 2015 07:05:42 GMT',
22 silly get     via: '1.1 varnish',
22 silly get     'cache-control': 'max-age=60',
22 silly get     etag: '"4A754Q2V2HQ65BJAR8DUU8BED"',
22 silly get     age: '0',
22 silly get     connection: 'keep-alive',
22 silly get     'x-served-by': 'cache-sin6927-SIN',
22 silly get     'x-cache': 'HIT',
22 silly get     'x-cache-hits': '1',
22 silly get     'x-timer': 'S1442991942.949546,VS0,VE203',
22 silly get     vary: 'Accept' } ]
23 verbose etag https://registry.npmjs.org/node from cache
24 verbose stack Error: version not found: node@0.10.30
24 verbose stack     at setData (/usr/local/lib/node_modules/npm/lib/cache/add-named.js:122:12)
24 verbose stack     at RES (/usr/local/lib/node_modules/npm/node_modules/inflight/inflight.js:23:14)
24 verbose stack     at f (/usr/local/lib/node_modules/npm/node_modules/once/once.js:17:25)
24 verbose stack     at saved (/usr/local/lib/node_modules/npm/lib/cache/caching-client.js:163:7)
24 verbose stack     at Object.oncomplete (fs.js:107:15)
25 verbose statusCode 404
26 verbose cwd /Users/bharathkumararikeri/Documents/hybrid_sample/hello
27 error Darwin 14.0.0
28 error argv "node" "/usr/local/bin/npm" "install" "node@0.10.30"
29 error node v0.10.30
30 error npm  v2.1.9
31 error version not found: node@0.10.30
32 error If you need help, you may report this error at:
32 error     <http://github.com/npm/npm/issues>
33 verbose exit [ 1, true ]
